# JRE version: OpenJDK Runtime Environment (8.0_202-b03) (build 1.8.0_202-release-1483-b03)
# Java VM: OpenJDK 64-Bit Server VM (25.202-b03 mixed mode windows-amd64 compressed oops)
Heap:
 PSYoungGen      total 298496K, used 127503K [0x00000000e0000000, 0x00000000fb880000, 0x0000000100000000)
  eden space 235520K, 54% used [0x00000000e0000000,0x00000000e7c83de8,0x00000000ee600000)
  from space 62976K, 0% used [0x00000000ee600000,0x00000000ee600000,0x00000000f2380000)
  to   space 88576K, 0% used [0x00000000f6200000,0x00000000f6200000,0x00000000fb880000)
 ParOldGen       total 464896K, used 156296K [0x00000000a0000000, 0x00000000bc600000, 0x00000000e0000000)
  object space 464896K, 33% used [0x00000000a0000000,0x00000000a98a22d8,0x00000000bc600000)
 Metaspace       used 89485K, capacity 93904K, committed 94808K, reserved 1130496K
  class space    used 11787K, capacity 12716K, committed 12928K, reserved 1048576K
GC Heap History (10 events):
Event: 350.848 GC heap before
{Heap before GC invocations=17 (full 3):
 PSYoungGen      total 323072K, used 265016K [0x00000000e0000000, 0x00000000f9f00000, 0x0000000100000000)
  eden space 254976K, 100% used [0x00000000e0000000,0x00000000ef900000,0x00000000ef900000)
  from space 68096K, 14% used [0x00000000ef900000,0x00000000f02ce1e0,0x00000000f3b80000)
  to   space 66560K, 0% used [0x00000000f5e00000,0x00000000f5e00000,0x00000000f9f00000)
 ParOldGen       total 242688K, used 162115K [0x00000000a0000000, 0x00000000aed00000, 0x00000000e0000000)
  object space 242688K, 66% used [0x00000000a0000000,0x00000000a9e50fd0,0x00000000aed00000)
 Metaspace       used 87440K, capacity 91822K, committed 91992K, reserved 1128448K
  class space    used 11678K, capacity 12619K, committed 12672K, reserved 1048576K
Event: 350.858 GC heap after
Heap after GC invocations=17 (full 3):
 PSYoungGen      total 268288K, used 10120K [0x00000000e0000000, 0x00000000f7180000, 0x0000000100000000)
  eden space 248320K, 0% used [0x00000000e0000000,0x00000000e0000000,0x00000000ef280000)
  from space 19968K, 50% used [0x00000000f5e00000,0x00000000f67e2060,0x00000000f7180000)
  to   space 65024K, 0% used [0x00000000ef280000,0x00000000ef280000,0x00000000f3200000)
 ParOldGen       total 242688K, used 162123K [0x00000000a0000000, 0x00000000aed00000, 0x00000000e0000000)
  object space 242688K, 66% used [0x00000000a0000000,0x00000000a9e52fd0,0x00000000aed00000)
 Metaspace       used 87440K, capacity 91822K, committed 91992K, reserved 1128448K
  class space    used 11678K, capacity 12619K, committed 12672K, reserved 1048576K
}
Event: 646.941 GC heap before
{Heap before GC invocations=18 (full 3):
 PSYoungGen      total 268288K, used 258440K [0x00000000e0000000, 0x00000000f7180000, 0x0000000100000000)
  eden space 248320K, 100% used [0x00000000e0000000,0x00000000ef280000,0x00000000ef280000)
  from space 19968K, 50% used [0x00000000f5e00000,0x00000000f67e2060,0x00000000f7180000)
  to   space 65024K, 0% used [0x00000000ef280000,0x00000000ef280000,0x00000000f3200000)
 ParOldGen       total 242688K, used 162123K [0x00000000a0000000, 0x00000000aed00000, 0x00000000e0000000)
  object space 242688K, 66% used [0x00000000a0000000,0x00000000a9e52fd0,0x00000000aed00000)
 Metaspace       used 88257K, capacity 93210K, committed 93400K, reserved 1130496K
  class space    used 11762K, capacity 12773K, committed 12800K, reserved 1048576K
Event: 646.952 GC heap after
Heap after GC invocations=18 (full 3):
 PSYoungGen      total 251392K, used 9240K [0x00000000e0000000, 0x00000000f6800000, 0x0000000100000000)
  eden space 241664K, 0% used [0x00000000e0000000,0x00000000e0000000,0x00000000eec00000)
  from space 9728K, 94% used [0x00000000ef280000,0x00000000efb86050,0x00000000efc00000)
  to   space 63488K, 0% used [0x00000000f2a00000,0x00000000f2a00000,0x00000000f6800000)
 ParOldGen       total 242688K, used 162131K [0x00000000a0000000, 0x00000000aed00000, 0x00000000e0000000)
  object space 242688K, 66% used [0x00000000a0000000,0x00000000a9e54fd0,0x00000000aed00000)
 Metaspace       used 88257K, capacity 93210K, committed 93400K, reserved 1130496K
  class space    used 11762K, capacity 12773K, committed 12800K, reserved 1048576K
}
Event: 653.482 GC heap before
{Heap before GC invocations=19 (full 3):
 PSYoungGen      total 251392K, used 250904K [0x00000000e0000000, 0x00000000f6800000, 0x0000000100000000)
  eden space 241664K, 100% used [0x00000000e0000000,0x00000000eec00000,0x00000000eec00000)
  from space 9728K, 94% used [0x00000000ef280000,0x00000000efb86050,0x00000000efc00000)
  to   space 63488K, 0% used [0x00000000f2a00000,0x00000000f2a00000,0x00000000f6800000)
 ParOldGen       total 242688K, used 162131K [0x00000000a0000000, 0x00000000aed00000, 0x00000000e0000000)
  object space 242688K, 66% used [0x00000000a0000000,0x00000000a9e54fd0,0x00000000aed00000)
 Metaspace       used 89551K, capacity 94454K, committed 94552K, reserved 1130496K
  class space    used 11858K, capacity 12849K, committed 12928K, reserved 1048576K
Event: 653.503 GC heap after
Heap after GC invocations=19 (full 3):
 PSYoungGen      total 291840K, used 32253K [0x00000000e0000000, 0x00000000f6100000, 0x0000000100000000)
  eden space 235520K, 0% used [0x00000000e0000000,0x00000000e0000000,0x00000000ee600000)
  from space 56320K, 57% used [0x00000000f2a00000,0x00000000f497f758,0x00000000f6100000)
  to   space 62976K, 0% used [0x00000000ee600000,0x00000000ee600000,0x00000000f2380000)
 ParOldGen       total 242688K, used 162139K [0x00000000a0000000, 0x00000000aed00000, 0x00000000e0000000)
  object space 242688K, 66% used [0x00000000a0000000,0x00000000a9e56fd0,0x00000000aed00000)
 Metaspace       used 89551K, capacity 94454K, committed 94552K, reserved 1130496K
  class space    used 11858K, capacity 12849K, committed 12928K, reserved 1048576K
}
Event: 654.462 GC heap before
{Heap before GC invocations=20 (full 3):
 PSYoungGen      total 291840K, used 267773K [0x00000000e0000000, 0x00000000f6100000, 0x0000000100000000)
  eden space 235520K, 100% used [0x00000000e0000000,0x00000000ee600000,0x00000000ee600000)
  from space 56320K, 57% used [0x00000000f2a00000,0x00000000f497f758,0x00000000f6100000)
  to   space 62976K, 0% used [0x00000000ee600000,0x00000000ee600000,0x00000000f2380000)
 ParOldGen       total 242688K, used 162139K [0x00000000a0000000, 0x00000000aed00000, 0x00000000e0000000)
  object space 242688K, 66% used [0x00000000a0000000,0x00000000a9e56fd0,0x00000000aed00000)
 Metaspace       used 89597K, capacity 94518K, committed 94808K, reserved 1130496K
  class space    used 11861K, capacity 12849K, committed 12928K, reserved 1048576K
Event: 654.523 GC heap after
Heap after GC invocations=20 (full 3):
 PSYoungGen      total 298496K, used 62949K [0x00000000e0000000, 0x00000000fb880000, 0x0000000100000000)
  eden space 235520K, 0% used [0x00000000e0000000,0x00000000e0000000,0x00000000ee600000)
  from space 62976K, 99% used [0x00000000ee600000,0x00000000f2379530,0x00000000f2380000)
  to   space 88576K, 0% used [0x00000000f6200000,0x00000000f6200000,0x00000000fb880000)
 ParOldGen       total 242688K, used 201574K [0x00000000a0000000, 0x00000000aed00000, 0x00000000e0000000)
  object space 242688K, 83% used [0x00000000a0000000,0x00000000ac4d9810,0x00000000aed00000)
 Metaspace       used 89597K, capacity 94518K, committed 94808K, reserved 1130496K
  class space    used 11861K, capacity 12849K, committed 12928K, reserved 1048576K
}
Event: 654.523 GC heap before
{Heap before GC invocations=21 (full 4):
 PSYoungGen      total 298496K, used 62949K [0x00000000e0000000, 0x00000000fb880000, 0x0000000100000000)
  eden space 235520K, 0% used [0x00000000e0000000,0x00000000e0000000,0x00000000ee600000)
  from space 62976K, 99% used [0x00000000ee600000,0x00000000f2379530,0x00000000f2380000)
  to   space 88576K, 0% used [0x00000000f6200000,0x00000000f6200000,0x00000000fb880000)
 ParOldGen       total 242688K, used 201574K [0x00000000a0000000, 0x00000000aed00000, 0x00000000e0000000)
  object space 242688K, 83% used [0x00000000a0000000,0x00000000ac4d9810,0x00000000aed00000)
 Metaspace       used 89597K, capacity 94518K, committed 94808K, reserved 1130496K
  class space    used 11861K, capacity 12849K, committed 12928K, reserved 1048576K
Event: 654.908 GC heap after
Heap after GC invocations=21 (full 4):
 PSYoungGen      total 298496K, used 0K [0x00000000e0000000, 0x00000000fb880000, 0x0000000100000000)
  eden space 235520K, 0% used [0x00000000e0000000,0x00000000e0000000,0x00000000ee600000)
  from space 62976K, 0% used [0x00000000ee600000,0x00000000ee600000,0x00000000f2380000)
  to   space 88576K, 0% used [0x00000000f6200000,0x00000000f6200000,0x00000000fb880000)
 ParOldGen       total 464896K, used 156296K [0x00000000a0000000, 0x00000000bc600000, 0x00000000e0000000)
  object space 464896K, 33% used [0x00000000a0000000,0x00000000a98a22d8,0x00000000bc600000)
 Metaspace       used 89318K, capacity 93708K, committed 94808K, reserved 1130496K
  class space    used 11774K, capacity 12694K, committed 12928K, reserved 1048576K
}

