# JRE version: OpenJDK Runtime Environment (8.0_202-b03) (build 1.8.0_202-release-1483-b03)
# Java VM: OpenJDK 64-Bit Server VM (25.202-b03 mixed mode windows-amd64 compressed oops)
Heap:
 PSYoungGen      total 180224K, used 37859K [0x00000000e0000000, 0x00000000f1480000, 0x0000000100000000)
  eden space 166400K, 14% used [0x00000000e0000000,0x00000000e177e340,0x00000000ea280000)
  from space 13824K, 99% used [0x00000000ea280000,0x00000000eaffac70,0x00000000eb000000)
  to   space 17920K, 0% used [0x00000000f0300000,0x00000000f0300000,0x00000000f1480000)
 ParOldGen       total 149504K, used 22620K [0x00000000a0000000, 0x00000000a9200000, 0x00000000e0000000)
  object space 149504K, 15% used [0x00000000a0000000,0x00000000a16170f0,0x00000000a9200000)
 Metaspace       used 49669K, capacity 50908K, committed 51032K, reserved 1093632K
  class space    used 6684K, capacity 7011K, committed 7040K, reserved 1048576K
GC Heap History (10 events):
Event: 6.005 GC heap before
{Heap before GC invocations=5 (full 1):
 PSYoungGen      total 76288K, used 65536K [0x00000000e0000000, 0x00000000e9500000, 0x0000000100000000)
  eden space 65536K, 100% used [0x00000000e0000000,0x00000000e4000000,0x00000000e4000000)
  from space 10752K, 0% used [0x00000000e4000000,0x00000000e4000000,0x00000000e4a80000)
  to   space 10752K, 0% used [0x00000000e8a80000,0x00000000e8a80000,0x00000000e9500000)
 ParOldGen       total 101376K, used 11185K [0x00000000a0000000, 0x00000000a6300000, 0x00000000e0000000)
  object space 101376K, 11% used [0x00000000a0000000,0x00000000a0aec610,0x00000000a6300000)
 Metaspace       used 28600K, capacity 29044K, committed 29440K, reserved 1075200K
  class space    used 3853K, capacity 4011K, committed 4096K, reserved 1048576K
Event: 6.017 GC heap after
Heap after GC invocations=5 (full 1):
 PSYoungGen      total 112640K, used 7664K [0x00000000e0000000, 0x00000000e9200000, 0x0000000100000000)
  eden space 104960K, 0% used [0x00000000e0000000,0x00000000e0000000,0x00000000e6680000)
  from space 7680K, 99% used [0x00000000e8a80000,0x00000000e91fc210,0x00000000e9200000)
  to   space 10752K, 0% used [0x00000000e7d00000,0x00000000e7d00000,0x00000000e8780000)
 ParOldGen       total 101376K, used 11193K [0x00000000a0000000, 0x00000000a6300000, 0x00000000e0000000)
  object space 101376K, 11% used [0x00000000a0000000,0x00000000a0aee610,0x00000000a6300000)
 Metaspace       used 28600K, capacity 29044K, committed 29440K, reserved 1075200K
  class space    used 3853K, capacity 4011K, committed 4096K, reserved 1048576K
}
Event: 7.180 GC heap before
{Heap before GC invocations=6 (full 1):
 PSYoungGen      total 112640K, used 112624K [0x00000000e0000000, 0x00000000e9200000, 0x0000000100000000)
  eden space 104960K, 100% used [0x00000000e0000000,0x00000000e6680000,0x00000000e6680000)
  from space 7680K, 99% used [0x00000000e8a80000,0x00000000e91fc210,0x00000000e9200000)
  to   space 10752K, 0% used [0x00000000e7d00000,0x00000000e7d00000,0x00000000e8780000)
 ParOldGen       total 101376K, used 11193K [0x00000000a0000000, 0x00000000a6300000, 0x00000000e0000000)
  object space 101376K, 11% used [0x00000000a0000000,0x00000000a0aee610,0x00000000a6300000)
 Metaspace       used 33759K, capacity 34372K, committed 34560K, reserved 1079296K
  class space    used 4630K, capacity 4815K, committed 4864K, reserved 1048576K
Event: 7.199 GC heap after
Heap after GC invocations=6 (full 1):
 PSYoungGen      total 138752K, used 10737K [0x00000000e0000000, 0x00000000ebe00000, 0x0000000100000000)
  eden space 128000K, 0% used [0x00000000e0000000,0x00000000e0000000,0x00000000e7d00000)
  from space 10752K, 99% used [0x00000000e7d00000,0x00000000e877c5d0,0x00000000e8780000)
  to   space 14336K, 0% used [0x00000000eb000000,0x00000000eb000000,0x00000000ebe00000)
 ParOldGen       total 101376K, used 12344K [0x00000000a0000000, 0x00000000a6300000, 0x00000000e0000000)
  object space 101376K, 12% used [0x00000000a0000000,0x00000000a0c0e288,0x00000000a6300000)
 Metaspace       used 33759K, capacity 34372K, committed 34560K, reserved 1079296K
  class space    used 4630K, capacity 4815K, committed 4864K, reserved 1048576K
}
Event: 7.577 GC heap before
{Heap before GC invocations=7 (full 1):
 PSYoungGen      total 138752K, used 39831K [0x00000000e0000000, 0x00000000ebe00000, 0x0000000100000000)
  eden space 128000K, 22% used [0x00000000e0000000,0x00000000e1c698a8,0x00000000e7d00000)
  from space 10752K, 99% used [0x00000000e7d00000,0x00000000e877c5d0,0x00000000e8780000)
  to   space 14336K, 0% used [0x00000000eb000000,0x00000000eb000000,0x00000000ebe00000)
 ParOldGen       total 101376K, used 12344K [0x00000000a0000000, 0x00000000a6300000, 0x00000000e0000000)
  object space 101376K, 12% used [0x00000000a0000000,0x00000000a0c0e288,0x00000000a6300000)
 Metaspace       used 34503K, capacity 35272K, committed 35416K, reserved 1079296K
  class space    used 4742K, capacity 4965K, committed 4992K, reserved 1048576K
Event: 7.588 GC heap after
Heap after GC invocations=7 (full 1):
 PSYoungGen      total 180736K, used 9910K [0x00000000e0000000, 0x00000000ee180000, 0x0000000100000000)
  eden space 166400K, 0% used [0x00000000e0000000,0x00000000e0000000,0x00000000ea280000)
  from space 14336K, 69% used [0x00000000eb000000,0x00000000eb9ad908,0x00000000ebe00000)
  to   space 13824K, 0% used [0x00000000ea280000,0x00000000ea280000,0x00000000eb000000)
 ParOldGen       total 101376K, used 12352K [0x00000000a0000000, 0x00000000a6300000, 0x00000000e0000000)
  object space 101376K, 12% used [0x00000000a0000000,0x00000000a0c10288,0x00000000a6300000)
 Metaspace       used 34503K, capacity 35272K, committed 35416K, reserved 1079296K
  class space    used 4742K, capacity 4965K, committed 4992K, reserved 1048576K
}
Event: 7.588 GC heap before
{Heap before GC invocations=8 (full 2):
 PSYoungGen      total 180736K, used 9910K [0x00000000e0000000, 0x00000000ee180000, 0x0000000100000000)
  eden space 166400K, 0% used [0x00000000e0000000,0x00000000e0000000,0x00000000ea280000)
  from space 14336K, 69% used [0x00000000eb000000,0x00000000eb9ad908,0x00000000ebe00000)
  to   space 13824K, 0% used [0x00000000ea280000,0x00000000ea280000,0x00000000eb000000)
 ParOldGen       total 101376K, used 12352K [0x00000000a0000000, 0x00000000a6300000, 0x00000000e0000000)
  object space 101376K, 12% used [0x00000000a0000000,0x00000000a0c10288,0x00000000a6300000)
 Metaspace       used 34503K, capacity 35272K, committed 35416K, reserved 1079296K
  class space    used 4742K, capacity 4965K, committed 4992K, reserved 1048576K
Event: 7.661 GC heap after
Heap after GC invocations=8 (full 2):
 PSYoungGen      total 180736K, used 0K [0x00000000e0000000, 0x00000000ee180000, 0x0000000100000000)
  eden space 166400K, 0% used [0x00000000e0000000,0x00000000e0000000,0x00000000ea280000)
  from space 14336K, 0% used [0x00000000eb000000,0x00000000eb000000,0x00000000ebe00000)
  to   space 13824K, 0% used [0x00000000ea280000,0x00000000ea280000,0x00000000eb000000)
 ParOldGen       total 149504K, used 17546K [0x00000000a0000000, 0x00000000a9200000, 0x00000000e0000000)
  object space 149504K, 11% used [0x00000000a0000000,0x00000000a1122a68,0x00000000a9200000)
 Metaspace       used 34503K, capacity 35272K, committed 35416K, reserved 1079296K
  class space    used 4742K, capacity 4965K, committed 4992K, reserved 1048576K
}
Event: 11.018 GC heap before
{Heap before GC invocations=9 (full 2):
 PSYoungGen      total 180736K, used 166400K [0x00000000e0000000, 0x00000000ee180000, 0x0000000100000000)
  eden space 166400K, 100% used [0x00000000e0000000,0x00000000ea280000,0x00000000ea280000)
  from space 14336K, 0% used [0x00000000eb000000,0x00000000eb000000,0x00000000ebe00000)
  to   space 13824K, 0% used [0x00000000ea280000,0x00000000ea280000,0x00000000eb000000)
 ParOldGen       total 149504K, used 17546K [0x00000000a0000000, 0x00000000a9200000, 0x00000000e0000000)
  object space 149504K, 11% used [0x00000000a0000000,0x00000000a1122a68,0x00000000a9200000)
 Metaspace       used 46888K, capacity 47994K, committed 48344K, reserved 1091584K
  class space    used 6295K, capacity 6590K, committed 6656K, reserved 1048576K
Event: 11.039 GC heap after
Heap after GC invocations=9 (full 2):
 PSYoungGen      total 180224K, used 13803K [0x00000000e0000000, 0x00000000f1480000, 0x0000000100000000)
  eden space 166400K, 0% used [0x00000000e0000000,0x00000000e0000000,0x00000000ea280000)
  from space 13824K, 99% used [0x00000000ea280000,0x00000000eaffac70,0x00000000eb000000)
  to   space 17920K, 0% used [0x00000000f0300000,0x00000000f0300000,0x00000000f1480000)
 ParOldGen       total 149504K, used 22620K [0x00000000a0000000, 0x00000000a9200000, 0x00000000e0000000)
  object space 149504K, 15% used [0x00000000a0000000,0x00000000a16170f0,0x00000000a9200000)
 Metaspace       used 46888K, capacity 47994K, committed 48344K, reserved 1091584K
  class space    used 6295K, capacity 6590K, committed 6656K, reserved 1048576K
}

