# JRE version: OpenJDK Runtime Environment (8.0_202-b03) (build 1.8.0_202-release-1483-b03)
# Java VM: OpenJDK 64-Bit Server VM (25.202-b03 mixed mode windows-amd64 compressed oops)
Heap:
 PSYoungGen      total 290304K, used 178550K [0x00000000e0000000, 0x00000000f3a00000, 0x0000000100000000)
  eden space 266752K, 59% used [0x00000000e0000000,0x00000000e9bf18d0,0x00000000f0480000)
  from space 23552K, 80% used [0x00000000f1c80000,0x00000000f2eec098,0x00000000f3380000)
  to   space 24576K, 0% used [0x00000000f0480000,0x00000000f0480000,0x00000000f1c80000)
 ParOldGen       total 222720K, used 34002K [0x00000000a0000000, 0x00000000ad980000, 0x00000000e0000000)
  object space 222720K, 15% used [0x00000000a0000000,0x00000000a2134a50,0x00000000ad980000)
 Metaspace       used 71325K, capacity 73586K, committed 73816K, reserved 1114112K
  class space    used 9567K, capacity 10103K, committed 10112K, reserved 1048576K
GC Heap History (10 events):
Event: 55.362 GC heap before
{Heap before GC invocations=9 (full 2):
 PSYoungGen      total 156160K, used 141312K [0x00000000e0000000, 0x00000000ef280000, 0x0000000100000000)
  eden space 141312K, 100% used [0x00000000e0000000,0x00000000e8a00000,0x00000000e8a00000)
  from space 14848K, 0% used [0x00000000e9800000,0x00000000e9800000,0x00000000ea680000)
  to   space 14336K, 0% used [0x00000000e8a00000,0x00000000e8a00000,0x00000000e9800000)
 ParOldGen       total 163328K, used 15339K [0x00000000a0000000, 0x00000000a9f80000, 0x00000000e0000000)
  object space 163328K, 9% used [0x00000000a0000000,0x00000000a0efae28,0x00000000a9f80000)
 Metaspace       used 44383K, capacity 45456K, committed 45568K, reserved 1089536K
  class space    used 5865K, capacity 6139K, committed 6144K, reserved 1048576K
Event: 55.372 GC heap after
Heap after GC invocations=9 (full 2):
 PSYoungGen      total 155648K, used 12703K [0x00000000e0000000, 0x00000000ef200000, 0x0000000100000000)
  eden space 141312K, 0% used [0x00000000e0000000,0x00000000e0000000,0x00000000e8a00000)
  from space 14336K, 88% used [0x00000000e8a00000,0x00000000e9667e90,0x00000000e9800000)
  to   space 15360K, 0% used [0x00000000ee300000,0x00000000ee300000,0x00000000ef200000)
 ParOldGen       total 163328K, used 15411K [0x00000000a0000000, 0x00000000a9f80000, 0x00000000e0000000)
  object space 163328K, 9% used [0x00000000a0000000,0x00000000a0f0ce38,0x00000000a9f80000)
 Metaspace       used 44383K, capacity 45456K, committed 45568K, reserved 1089536K
  class space    used 5865K, capacity 6139K, committed 6144K, reserved 1048576K
}
Event: 72.143 GC heap before
{Heap before GC invocations=10 (full 2):
 PSYoungGen      total 155648K, used 154015K [0x00000000e0000000, 0x00000000ef200000, 0x0000000100000000)
  eden space 141312K, 100% used [0x00000000e0000000,0x00000000e8a00000,0x00000000e8a00000)
  from space 14336K, 88% used [0x00000000e8a00000,0x00000000e9667e90,0x00000000e9800000)
  to   space 15360K, 0% used [0x00000000ee300000,0x00000000ee300000,0x00000000ef200000)
 ParOldGen       total 163328K, used 15411K [0x00000000a0000000, 0x00000000a9f80000, 0x00000000e0000000)
  object space 163328K, 9% used [0x00000000a0000000,0x00000000a0f0ce38,0x00000000a9f80000)
 Metaspace       used 54833K, capacity 56280K, committed 56448K, reserved 1097728K
  class space    used 7132K, capacity 7484K, committed 7552K, reserved 1048576K
Event: 72.160 GC heap after
Heap after GC invocations=10 (full 2):
 PSYoungGen      total 222720K, used 15357K [0x00000000e0000000, 0x00000000ef280000, 0x0000000100000000)
  eden space 207360K, 0% used [0x00000000e0000000,0x00000000e0000000,0x00000000eca80000)
  from space 15360K, 99% used [0x00000000ee300000,0x00000000ef1ff4a8,0x00000000ef200000)
  to   space 20480K, 0% used [0x00000000eca80000,0x00000000eca80000,0x00000000ede80000)
 ParOldGen       total 163328K, used 23179K [0x00000000a0000000, 0x00000000a9f80000, 0x00000000e0000000)
  object space 163328K, 14% used [0x00000000a0000000,0x00000000a16a2f48,0x00000000a9f80000)
 Metaspace       used 54833K, capacity 56280K, committed 56448K, reserved 1097728K
  class space    used 7132K, capacity 7484K, committed 7552K, reserved 1048576K
}
Event: 72.750 GC heap before
{Heap before GC invocations=11 (full 2):
 PSYoungGen      total 222720K, used 84397K [0x00000000e0000000, 0x00000000ef280000, 0x0000000100000000)
  eden space 207360K, 33% used [0x00000000e0000000,0x00000000e436bf58,0x00000000eca80000)
  from space 15360K, 99% used [0x00000000ee300000,0x00000000ef1ff4a8,0x00000000ef200000)
  to   space 20480K, 0% used [0x00000000eca80000,0x00000000eca80000,0x00000000ede80000)
 ParOldGen       total 163328K, used 23179K [0x00000000a0000000, 0x00000000a9f80000, 0x00000000e0000000)
  object space 163328K, 14% used [0x00000000a0000000,0x00000000a16a2f48,0x00000000a9f80000)
 Metaspace       used 57357K, capacity 59022K, committed 59096K, reserved 1099776K
  class space    used 7478K, capacity 7910K, committed 7936K, reserved 1048576K
Event: 72.769 GC heap after
Heap after GC invocations=11 (full 2):
 PSYoungGen      total 227840K, used 20450K [0x00000000e0000000, 0x00000000f3380000, 0x0000000100000000)
  eden space 207360K, 0% used [0x00000000e0000000,0x00000000e0000000,0x00000000eca80000)
  from space 20480K, 99% used [0x00000000eca80000,0x00000000ede78878,0x00000000ede80000)
  to   space 23552K, 0% used [0x00000000f1c80000,0x00000000f1c80000,0x00000000f3380000)
 ParOldGen       total 163328K, used 23549K [0x00000000a0000000, 0x00000000a9f80000, 0x00000000e0000000)
  object space 163328K, 14% used [0x00000000a0000000,0x00000000a16ff4c0,0x00000000a9f80000)
 Metaspace       used 57357K, capacity 59022K, committed 59096K, reserved 1099776K
  class space    used 7478K, capacity 7910K, committed 7936K, reserved 1048576K
}
Event: 72.769 GC heap before
{Heap before GC invocations=12 (full 3):
 PSYoungGen      total 227840K, used 20450K [0x00000000e0000000, 0x00000000f3380000, 0x0000000100000000)
  eden space 207360K, 0% used [0x00000000e0000000,0x00000000e0000000,0x00000000eca80000)
  from space 20480K, 99% used [0x00000000eca80000,0x00000000ede78878,0x00000000ede80000)
  to   space 23552K, 0% used [0x00000000f1c80000,0x00000000f1c80000,0x00000000f3380000)
 ParOldGen       total 163328K, used 23549K [0x00000000a0000000, 0x00000000a9f80000, 0x00000000e0000000)
  object space 163328K, 14% used [0x00000000a0000000,0x00000000a16ff4c0,0x00000000a9f80000)
 Metaspace       used 57357K, capacity 59022K, committed 59096K, reserved 1099776K
  class space    used 7478K, capacity 7910K, committed 7936K, reserved 1048576K
Event: 72.954 GC heap after
Heap after GC invocations=12 (full 3):
 PSYoungGen      total 227840K, used 0K [0x00000000e0000000, 0x00000000f3380000, 0x0000000100000000)
  eden space 207360K, 0% used [0x00000000e0000000,0x00000000e0000000,0x00000000eca80000)
  from space 20480K, 0% used [0x00000000eca80000,0x00000000eca80000,0x00000000ede80000)
  to   space 23552K, 0% used [0x00000000f1c80000,0x00000000f1c80000,0x00000000f3380000)
 ParOldGen       total 222720K, used 33994K [0x00000000a0000000, 0x00000000ad980000, 0x00000000e0000000)
  object space 222720K, 15% used [0x00000000a0000000,0x00000000a2132a50,0x00000000ad980000)
 Metaspace       used 57295K, capacity 58894K, committed 59096K, reserved 1099776K
  class space    used 7461K, capacity 7890K, committed 7936K, reserved 1048576K
}
Event: 75.584 GC heap before
{Heap before GC invocations=13 (full 3):
 PSYoungGen      total 227840K, used 207360K [0x00000000e0000000, 0x00000000f3380000, 0x0000000100000000)
  eden space 207360K, 100% used [0x00000000e0000000,0x00000000eca80000,0x00000000eca80000)
  from space 20480K, 0% used [0x00000000eca80000,0x00000000eca80000,0x00000000ede80000)
  to   space 23552K, 0% used [0x00000000f1c80000,0x00000000f1c80000,0x00000000f3380000)
 ParOldGen       total 222720K, used 33994K [0x00000000a0000000, 0x00000000ad980000, 0x00000000e0000000)
  object space 222720K, 15% used [0x00000000a0000000,0x00000000a2132a50,0x00000000ad980000)
 Metaspace       used 69590K, capacity 71824K, committed 72152K, reserved 1112064K
  class space    used 9313K, capacity 9847K, committed 9984K, reserved 1048576K
Event: 75.605 GC heap after
Heap after GC invocations=13 (full 3):
 PSYoungGen      total 290304K, used 18864K [0x00000000e0000000, 0x00000000f3a00000, 0x0000000100000000)
  eden space 266752K, 0% used [0x00000000e0000000,0x00000000e0000000,0x00000000f0480000)
  from space 23552K, 80% used [0x00000000f1c80000,0x00000000f2eec098,0x00000000f3380000)
  to   space 24576K, 0% used [0x00000000f0480000,0x00000000f0480000,0x00000000f1c80000)
 ParOldGen       total 222720K, used 34002K [0x00000000a0000000, 0x00000000ad980000, 0x00000000e0000000)
  object space 222720K, 15% used [0x00000000a0000000,0x00000000a2134a50,0x00000000ad980000)
 Metaspace       used 69590K, capacity 71824K, committed 72152K, reserved 1112064K
  class space    used 9313K, capacity 9847K, committed 9984K, reserved 1048576K
}

